0 info it worked if it ends with ok
1 verbose cli [ '/usr/local/bin/node',
1 verbose cli   '/usr/local/bin/npm',
1 verbose cli   'install',
1 verbose cli   'sail',
1 verbose cli   '-g' ]
2 info using npm@3.10.10
3 info using node@v6.10.3
4 silly loadCurrentTree Starting
5 silly install loadCurrentTree
6 silly install readGlobalPackageData
7 silly fetchPackageMetaData sail
8 silly fetchNamedPackageData sail
9 silly mapToRegistry name sail
10 silly mapToRegistry using default registry
11 silly mapToRegistry registry https://registry.npmjs.org/
12 silly mapToRegistry data Result {
12 silly mapToRegistry   raw: 'sail',
12 silly mapToRegistry   scope: null,
12 silly mapToRegistry   escapedName: 'sail',
12 silly mapToRegistry   name: 'sail',
12 silly mapToRegistry   rawSpec: '',
12 silly mapToRegistry   spec: 'latest',
12 silly mapToRegistry   type: 'tag' }
13 silly mapToRegistry uri https://registry.npmjs.org/sail
14 verbose request uri https://registry.npmjs.org/sail
15 verbose request no auth needed
16 info attempt registry request try #1 at 7:34:24 PM
17 verbose request using bearer token for auth
18 verbose request id 5923b8fee617a60f
19 http request GET https://registry.npmjs.org/sail
20 http 200 https://registry.npmjs.org/sail
21 verbose headers { server: 'nginx/1.10.1',
21 verbose headers   'content-type': 'application/json',
21 verbose headers   'last-modified': 'Mon, 11 Aug 2014 08:04:38 GMT',
21 verbose headers   etag: 'W/"53e87916-2f7"',
21 verbose headers   'content-encoding': 'gzip',
21 verbose headers   'cache-control': 'max-age=300',
21 verbose headers   'transfer-encoding': 'chunked',
21 verbose headers   'accept-ranges': 'bytes',
21 verbose headers   date: 'Tue, 20 Jun 2017 00:34:24 GMT',
21 verbose headers   via: '1.1 varnish',
21 verbose headers   connection: 'keep-alive',
21 verbose headers   'x-served-by': 'cache-atl6223-ATL',
21 verbose headers   'x-cache': 'MISS',
21 verbose headers   'x-cache-hits': '0',
21 verbose headers   'x-timer': 'S1497918865.711674,VS0,VE69',
21 verbose headers   vary: 'Accept-Encoding' }
22 silly get cb [ 200,
22 silly get   { server: 'nginx/1.10.1',
22 silly get     'content-type': 'application/json',
22 silly get     'last-modified': 'Mon, 11 Aug 2014 08:04:38 GMT',
22 silly get     etag: 'W/"53e87916-2f7"',
22 silly get     'content-encoding': 'gzip',
22 silly get     'cache-control': 'max-age=300',
22 silly get     'transfer-encoding': 'chunked',
22 silly get     'accept-ranges': 'bytes',
22 silly get     date: 'Tue, 20 Jun 2017 00:34:24 GMT',
22 silly get     via: '1.1 varnish',
22 silly get     connection: 'keep-alive',
22 silly get     'x-served-by': 'cache-atl6223-ATL',
22 silly get     'x-cache': 'MISS',
22 silly get     'x-cache-hits': '0',
22 silly get     'x-timer': 'S1497918865.711674,VS0,VE69',
22 silly get     vary: 'Accept-Encoding' } ]
23 verbose get saving sail to /Users/deysitacan/.npm/registry.npmjs.org/sail/.cache.json
24 verbose correctMkdir /Users/deysitacan/.npm correctMkdir not in flight; initializing
25 silly install normalizeTree
26 silly loadCurrentTree Finishing
27 silly loadIdealTree Starting
28 silly install loadIdealTree
29 silly cloneCurrentTree Starting
30 silly install cloneCurrentTreeToIdealTree
31 silly cloneCurrentTree Finishing
32 silly loadShrinkwrap Starting
33 silly install loadShrinkwrap
34 silly loadShrinkwrap Finishing
35 silly loadAllDepsIntoIdealTree Starting
36 silly install loadAllDepsIntoIdealTree
37 silly resolveWithNewModule sail@0.0.0 checking installable status
38 silly cache add args [ 'sail', null ]
39 verbose cache add spec sail
40 silly cache add parsed spec Result {
40 silly cache add   raw: 'sail',
40 silly cache add   scope: null,
40 silly cache add   escapedName: 'sail',
40 silly cache add   name: 'sail',
40 silly cache add   rawSpec: '',
40 silly cache add   spec: 'latest',
40 silly cache add   type: 'tag' }
41 silly addNamed sail@latest
42 verbose addNamed "latest" is being treated as a dist-tag for sail
43 info addNameTag [ 'sail', 'latest' ]
44 silly mapToRegistry name sail
45 silly mapToRegistry using default registry
46 silly mapToRegistry registry https://registry.npmjs.org/
47 silly mapToRegistry data Result {
47 silly mapToRegistry   raw: 'sail',
47 silly mapToRegistry   scope: null,
47 silly mapToRegistry   escapedName: 'sail',
47 silly mapToRegistry   name: 'sail',
47 silly mapToRegistry   rawSpec: '',
47 silly mapToRegistry   spec: 'latest',
47 silly mapToRegistry   type: 'tag' }
48 silly mapToRegistry uri https://registry.npmjs.org/sail
49 verbose addNameTag registry:https://registry.npmjs.org/sail not in flight; fetching
50 verbose get https://registry.npmjs.org/sail not expired, no request
51 silly addNameTag next cb for sail with tag latest
52 silly addNamed sail@0.0.0
53 verbose addNamed "0.0.0" is a plain semver version for sail
54 silly mapToRegistry name sail
55 silly mapToRegistry using default registry
56 silly mapToRegistry registry https://registry.npmjs.org/
57 silly mapToRegistry data Result {
57 silly mapToRegistry   raw: 'sail',
57 silly mapToRegistry   scope: null,
57 silly mapToRegistry   escapedName: 'sail',
57 silly mapToRegistry   name: 'sail',
57 silly mapToRegistry   rawSpec: '',
57 silly mapToRegistry   spec: 'latest',
57 silly mapToRegistry   type: 'tag' }
58 silly mapToRegistry uri https://registry.npmjs.org/sail
59 verbose addRemoteTarball https://registry.npmjs.org/sail/-/sail-0.0.0.tgz not in flight; adding
60 verbose addRemoteTarball [ 'https://registry.npmjs.org/sail/-/sail-0.0.0.tgz',
60 verbose addRemoteTarball   '0159756c27cc5eccb9fe0ff0f52145e9dd33f61f' ]
61 info retry fetch attempt 1 at 7:34:24 PM
62 info attempt registry request try #1 at 7:34:24 PM
63 http fetch GET https://registry.npmjs.org/sail/-/sail-0.0.0.tgz
64 verbose request using bearer token for auth
65 http fetch 200 https://registry.npmjs.org/sail/-/sail-0.0.0.tgz
66 silly fetchAndShaCheck shasum 0159756c27cc5eccb9fe0ff0f52145e9dd33f61f
67 verbose addTmpTarball /var/folders/kw/2l9kz2kn64nfm84n01klh5xr0000gv/T/npm-751-94657468/registry.npmjs.org/sail/-/sail-0.0.0.tgz not in flight; adding
68 verbose addTmpTarball already have metadata; skipping unpack for sail@0.0.0
69 verbose correctMkdir /Users/deysitacan/.npm correctMkdir not in flight; initializing
70 silly cache afterAdd sail@0.0.0
71 verbose afterAdd /Users/deysitacan/.npm/sail/0.0.0/package/package.json not in flight; writing
72 verbose correctMkdir /Users/deysitacan/.npm correctMkdir not in flight; initializing
73 verbose afterAdd /Users/deysitacan/.npm/sail/0.0.0/package/package.json written
74 silly loadAllDepsIntoIdealTree Finishing
75 silly loadIdealTree Finishing
76 silly currentTree lib
77 silly idealTree lib
77 silly idealTree └── sail@0.0.0
78 silly generateActionsToTake Starting
79 silly install generateActionsToTake
80 warn checkPermissions Missing write access to /usr/local/lib/node_modules
81 silly rollbackFailedOptional Starting
82 silly rollbackFailedOptional Finishing
83 silly runTopLevelLifecycles Finishing
84 silly install printInstalled
85 verbose stack Error: EACCES: permission denied, access '/usr/local/lib/node_modules'
85 verbose stack     at Error (native)
86 verbose cwd /Users/deysitacan/Documents/Aplicaciones-Web-2017-DEysi
87 error Darwin 16.4.0
88 error argv "/usr/local/bin/node" "/usr/local/bin/npm" "install" "sail" "-g"
89 error node v6.10.3
90 error npm  v3.10.10
91 error path /usr/local/lib/node_modules
92 error code EACCES
93 error errno -13
94 error syscall access
95 error Error: EACCES: permission denied, access '/usr/local/lib/node_modules'
95 error     at Error (native)
95 error  { Error: EACCES: permission denied, access '/usr/local/lib/node_modules'
95 error     at Error (native)
95 error   errno: -13,
95 error   code: 'EACCES',
95 error   syscall: 'access',
95 error   path: '/usr/local/lib/node_modules' }
96 error Please try running this command again as root/Administrator.
97 verbose exit [ -13, true ]
